[0.630s] Invoking command in '/home/harshit/urdf_rviz/src/robot_car': PYTHONPATH=/home/harshit/urdf_rviz/build/robot_car/prefix_override:/usr/lib/python3/dist-packages/colcon_core/task/python/colcon_distutils_commands:/home/harshit/urdf_rviz/install/robot_car/lib/python3.10/site-packages:${PYTHONPATH} /usr/bin/python3 -W ignore:setup.py install is deprecated setup.py egg_info --egg-base ../../build/robot_car build --build-base /home/harshit/urdf_rviz/build/robot_car/build install --record /home/harshit/urdf_rviz/build/robot_car/install.log --single-version-externally-managed install_data
[0.788s] running egg_info
[0.789s] writing ../../build/robot_car/robot_car.egg-info/PKG-INFO
[0.789s] writing dependency_links to ../../build/robot_car/robot_car.egg-info/dependency_links.txt
[0.789s] writing entry points to ../../build/robot_car/robot_car.egg-info/entry_points.txt
[0.789s] writing requirements to ../../build/robot_car/robot_car.egg-info/requires.txt
[0.789s] writing top-level names to ../../build/robot_car/robot_car.egg-info/top_level.txt
[0.790s] reading manifest file '../../build/robot_car/robot_car.egg-info/SOURCES.txt'
[0.794s] writing manifest file '../../build/robot_car/robot_car.egg-info/SOURCES.txt'
[0.794s] running build
[0.794s] running build_py
[0.794s] running install
[0.794s] running install_lib
[0.795s] running install_data
[0.795s] copying urdf_files/robot_car_include.xacro -> /home/harshit/urdf_rviz/install/robot_car/share/robot_car/urdf_files
[0.795s] copying urdf_files/robot_car.urdf.xacro -> /home/harshit/urdf_rviz/install/robot_car/share/robot_car/urdf_files
[0.795s] running install_egg_info
[0.796s] removing '/home/harshit/urdf_rviz/install/robot_car/lib/python3.10/site-packages/robot_car-0.0.0-py3.10.egg-info' (and everything under it)
[0.797s] Copying ../../build/robot_car/robot_car.egg-info to /home/harshit/urdf_rviz/install/robot_car/lib/python3.10/site-packages/robot_car-0.0.0-py3.10.egg-info
[0.797s] running install_scripts
[0.812s] writing list of installed files to '/home/harshit/urdf_rviz/build/robot_car/install.log'
[0.837s] Invoked command in '/home/harshit/urdf_rviz/src/robot_car' returned '0': PYTHONPATH=/home/harshit/urdf_rviz/build/robot_car/prefix_override:/usr/lib/python3/dist-packages/colcon_core/task/python/colcon_distutils_commands:/home/harshit/urdf_rviz/install/robot_car/lib/python3.10/site-packages:${PYTHONPATH} /usr/bin/python3 -W ignore:setup.py install is deprecated setup.py egg_info --egg-base ../../build/robot_car build --build-base /home/harshit/urdf_rviz/build/robot_car/build install --record /home/harshit/urdf_rviz/build/robot_car/install.log --single-version-externally-managed install_data
