[0.070s] DEBUG:colcon:Command line arguments: ['/usr/bin/colcon', 'build']
[0.070s] DEBUG:colcon:Parsed command line arguments: Namespace(log_base=None, log_level=None, verb_name='build', build_base='build', install_base='install', merge_install=False, symlink_install=False, test_result_base=None, continue_on_error=False, executor='parallel', parallel_workers=8, event_handlers=None, ignore_user_meta=False, metas=['./colcon.meta'], base_paths=['.'], packages_ignore=None, packages_ignore_regex=None, paths=None, packages_up_to=None, packages_up_to_regex=None, packages_above=None, packages_above_and_dependencies=None, packages_above_depth=None, packages_select_by_dep=None, packages_skip_by_dep=None, packages_skip_up_to=None, packages_select_build_failed=False, packages_skip_build_finished=False, packages_select_test_failures=False, packages_skip_test_passed=False, packages_select=None, packages_skip=None, packages_select_regex=None, packages_skip_regex=None, packages_start=None, packages_end=None, allow_overriding=[], cmake_args=None, cmake_target=None, cmake_target_skip_unavailable=False, cmake_clean_cache=False, cmake_clean_first=False, cmake_force_configure=False, ament_cmake_args=None, catkin_cmake_args=None, catkin_skip_building_tests=False, verb_parser=<colcon_defaults.argument_parser.defaults.DefaultArgumentsDecorator object at 0x71d1ce629030>, verb_extension=<colcon_core.verb.build.BuildVerb object at 0x71d1ce7954e0>, main=<bound method BuildVerb.main of <colcon_core.verb.build.BuildVerb object at 0x71d1ce7954e0>>)
[0.172s] Level 1:colcon.colcon_core.package_discovery:discover_packages(colcon_meta) check parameters
[0.172s] Level 1:colcon.colcon_core.package_discovery:discover_packages(recursive) check parameters
[0.172s] Level 1:colcon.colcon_core.package_discovery:discover_packages(ignore) check parameters
[0.172s] Level 1:colcon.colcon_core.package_discovery:discover_packages(path) check parameters
[0.172s] Level 1:colcon.colcon_core.package_discovery:discover_packages(colcon_meta) discover
[0.172s] Level 1:colcon.colcon_core.package_discovery:discover_packages(recursive) discover
[0.172s] INFO:colcon.colcon_core.package_discovery:Crawling recursively for packages in '/home/harshit/urdf_rviz'
[0.172s] Level 1:colcon.colcon_core.package_identification:_identify(.) by extensions ['ignore', 'ignore_ament_install']
[0.172s] Level 1:colcon.colcon_core.package_identification:_identify(.) by extension 'ignore'
[0.172s] Level 1:colcon.colcon_core.package_identification:_identify(.) by extension 'ignore_ament_install'
[0.172s] Level 1:colcon.colcon_core.package_identification:_identify(.) by extensions ['colcon_pkg']
[0.172s] Level 1:colcon.colcon_core.package_identification:_identify(.) by extension 'colcon_pkg'
[0.172s] Level 1:colcon.colcon_core.package_identification:_identify(.) by extensions ['colcon_meta']
[0.172s] Level 1:colcon.colcon_core.package_identification:_identify(.) by extension 'colcon_meta'
[0.172s] Level 1:colcon.colcon_core.package_identification:_identify(.) by extensions ['ros']
[0.172s] Level 1:colcon.colcon_core.package_identification:_identify(.) by extension 'ros'
[0.180s] Level 1:colcon.colcon_core.package_identification:_identify(.) by extensions ['cmake', 'python']
[0.180s] Level 1:colcon.colcon_core.package_identification:_identify(.) by extension 'cmake'
[0.180s] Level 1:colcon.colcon_core.package_identification:_identify(.) by extension 'python'
[0.180s] Level 1:colcon.colcon_core.package_identification:_identify(.) by extensions ['python_setup_py']
[0.180s] Level 1:colcon.colcon_core.package_identification:_identify(.) by extension 'python_setup_py'
[0.180s] Level 1:colcon.colcon_core.package_identification:_identify(build) by extensions ['ignore', 'ignore_ament_install']
[0.180s] Level 1:colcon.colcon_core.package_identification:_identify(build) by extension 'ignore'
[0.180s] Level 1:colcon.colcon_core.package_identification:_identify(build) ignored
[0.180s] Level 1:colcon.colcon_core.package_identification:_identify(install) by extensions ['ignore', 'ignore_ament_install']
[0.180s] Level 1:colcon.colcon_core.package_identification:_identify(install) by extension 'ignore'
[0.180s] Level 1:colcon.colcon_core.package_identification:_identify(install) ignored
[0.181s] Level 1:colcon.colcon_core.package_identification:_identify(log) by extensions ['ignore', 'ignore_ament_install']
[0.181s] Level 1:colcon.colcon_core.package_identification:_identify(log) by extension 'ignore'
[0.181s] Level 1:colcon.colcon_core.package_identification:_identify(log) ignored
[0.181s] Level 1:colcon.colcon_core.package_identification:_identify(src) by extensions ['ignore', 'ignore_ament_install']
[0.181s] Level 1:colcon.colcon_core.package_identification:_identify(src) by extension 'ignore'
[0.181s] Level 1:colcon.colcon_core.package_identification:_identify(src) by extension 'ignore_ament_install'
[0.181s] Level 1:colcon.colcon_core.package_identification:_identify(src) by extensions ['colcon_pkg']
[0.181s] Level 1:colcon.colcon_core.package_identification:_identify(src) by extension 'colcon_pkg'
[0.181s] Level 1:colcon.colcon_core.package_identification:_identify(src) by extensions ['colcon_meta']
[0.181s] Level 1:colcon.colcon_core.package_identification:_identify(src) by extension 'colcon_meta'
[0.181s] Level 1:colcon.colcon_core.package_identification:_identify(src) by extensions ['ros']
[0.181s] Level 1:colcon.colcon_core.package_identification:_identify(src) by extension 'ros'
[0.181s] Level 1:colcon.colcon_core.package_identification:_identify(src) by extensions ['cmake', 'python']
[0.181s] Level 1:colcon.colcon_core.package_identification:_identify(src) by extension 'cmake'
[0.181s] Level 1:colcon.colcon_core.package_identification:_identify(src) by extension 'python'
[0.181s] Level 1:colcon.colcon_core.package_identification:_identify(src) by extensions ['python_setup_py']
[0.181s] Level 1:colcon.colcon_core.package_identification:_identify(src) by extension 'python_setup_py'
[0.181s] Level 1:colcon.colcon_core.package_identification:_identify(src/robot_car) by extensions ['ignore', 'ignore_ament_install']
[0.181s] Level 1:colcon.colcon_core.package_identification:_identify(src/robot_car) by extension 'ignore'
[0.181s] Level 1:colcon.colcon_core.package_identification:_identify(src/robot_car) by extension 'ignore_ament_install'
[0.181s] Level 1:colcon.colcon_core.package_identification:_identify(src/robot_car) by extensions ['colcon_pkg']
[0.181s] Level 1:colcon.colcon_core.package_identification:_identify(src/robot_car) by extension 'colcon_pkg'
[0.181s] Level 1:colcon.colcon_core.package_identification:_identify(src/robot_car) by extensions ['colcon_meta']
[0.181s] Level 1:colcon.colcon_core.package_identification:_identify(src/robot_car) by extension 'colcon_meta'
[0.181s] Level 1:colcon.colcon_core.package_identification:_identify(src/robot_car) by extensions ['ros']
[0.181s] Level 1:colcon.colcon_core.package_identification:_identify(src/robot_car) by extension 'ros'
[0.183s] DEBUG:colcon.colcon_core.package_identification:Package 'src/robot_car' with type 'ros.ament_python' and name 'robot_car'
[0.183s] Level 1:colcon.colcon_core.package_identification:_identify(src/urdf_testing) by extensions ['ignore', 'ignore_ament_install']
[0.183s] Level 1:colcon.colcon_core.package_identification:_identify(src/urdf_testing) by extension 'ignore'
[0.183s] Level 1:colcon.colcon_core.package_identification:_identify(src/urdf_testing) by extension 'ignore_ament_install'
[0.183s] Level 1:colcon.colcon_core.package_identification:_identify(src/urdf_testing) by extensions ['colcon_pkg']
[0.183s] Level 1:colcon.colcon_core.package_identification:_identify(src/urdf_testing) by extension 'colcon_pkg'
[0.183s] Level 1:colcon.colcon_core.package_identification:_identify(src/urdf_testing) by extensions ['colcon_meta']
[0.183s] Level 1:colcon.colcon_core.package_identification:_identify(src/urdf_testing) by extension 'colcon_meta'
[0.183s] Level 1:colcon.colcon_core.package_identification:_identify(src/urdf_testing) by extensions ['ros']
[0.183s] Level 1:colcon.colcon_core.package_identification:_identify(src/urdf_testing) by extension 'ros'
[0.184s] DEBUG:colcon.colcon_core.package_identification:Package 'src/urdf_testing' with type 'ros.ament_python' and name 'urdf_testing'
[0.184s] Level 1:colcon.colcon_core.package_discovery:discover_packages(recursive) using defaults
[0.184s] Level 1:colcon.colcon_core.package_discovery:discover_packages(ignore) discover
[0.184s] Level 1:colcon.colcon_core.package_discovery:discover_packages(ignore) using defaults
[0.184s] Level 1:colcon.colcon_core.package_discovery:discover_packages(path) discover
[0.184s] Level 1:colcon.colcon_core.package_discovery:discover_packages(path) using defaults
[0.197s] Level 1:colcon.colcon_core.package_discovery:discover_packages(prefix_path) check parameters
[0.197s] Level 1:colcon.colcon_core.package_discovery:discover_packages(prefix_path) discover
[0.198s] DEBUG:colcon.colcon_installed_package_information.package_discovery:Found 2 installed packages in /home/harshit/urdf_rviz/install
[0.198s] DEBUG:colcon.colcon_installed_package_information.package_discovery:Found 4 installed packages in /home/harshit/mrt_ws/install
[0.199s] DEBUG:colcon.colcon_installed_package_information.package_discovery:Found 293 installed packages in /opt/ros/humble
[0.208s] Level 1:colcon.colcon_core.package_discovery:discover_packages(prefix_path) using defaults
[0.233s] Level 5:colcon.colcon_core.verb:set package 'robot_car' build argument 'cmake_args' from command line to 'None'
[0.233s] Level 5:colcon.colcon_core.verb:set package 'robot_car' build argument 'cmake_target' from command line to 'None'
[0.233s] Level 5:colcon.colcon_core.verb:set package 'robot_car' build argument 'cmake_target_skip_unavailable' from command line to 'False'
[0.233s] Level 5:colcon.colcon_core.verb:set package 'robot_car' build argument 'cmake_clean_cache' from command line to 'False'
[0.233s] Level 5:colcon.colcon_core.verb:set package 'robot_car' build argument 'cmake_clean_first' from command line to 'False'
[0.233s] Level 5:colcon.colcon_core.verb:set package 'robot_car' build argument 'cmake_force_configure' from command line to 'False'
[0.233s] Level 5:colcon.colcon_core.verb:set package 'robot_car' build argument 'ament_cmake_args' from command line to 'None'
[0.233s] Level 5:colcon.colcon_core.verb:set package 'robot_car' build argument 'catkin_cmake_args' from command line to 'None'
[0.233s] Level 5:colcon.colcon_core.verb:set package 'robot_car' build argument 'catkin_skip_building_tests' from command line to 'False'
[0.233s] DEBUG:colcon.colcon_core.verb:Building package 'robot_car' with the following arguments: {'ament_cmake_args': None, 'build_base': '/home/harshit/urdf_rviz/build/robot_car', 'catkin_cmake_args': None, 'catkin_skip_building_tests': False, 'cmake_args': None, 'cmake_clean_cache': False, 'cmake_clean_first': False, 'cmake_force_configure': False, 'cmake_target': None, 'cmake_target_skip_unavailable': False, 'install_base': '/home/harshit/urdf_rviz/install/robot_car', 'merge_install': False, 'path': '/home/harshit/urdf_rviz/src/robot_car', 'symlink_install': False, 'test_result_base': None}
[0.233s] Level 5:colcon.colcon_core.verb:set package 'urdf_testing' build argument 'cmake_args' from command line to 'None'
[0.233s] Level 5:colcon.colcon_core.verb:set package 'urdf_testing' build argument 'cmake_target' from command line to 'None'
[0.233s] Level 5:colcon.colcon_core.verb:set package 'urdf_testing' build argument 'cmake_target_skip_unavailable' from command line to 'False'
[0.234s] Level 5:colcon.colcon_core.verb:set package 'urdf_testing' build argument 'cmake_clean_cache' from command line to 'False'
[0.234s] Level 5:colcon.colcon_core.verb:set package 'urdf_testing' build argument 'cmake_clean_first' from command line to 'False'
[0.234s] Level 5:colcon.colcon_core.verb:set package 'urdf_testing' build argument 'cmake_force_configure' from command line to 'False'
[0.234s] Level 5:colcon.colcon_core.verb:set package 'urdf_testing' build argument 'ament_cmake_args' from command line to 'None'
[0.234s] Level 5:colcon.colcon_core.verb:set package 'urdf_testing' build argument 'catkin_cmake_args' from command line to 'None'
[0.234s] Level 5:colcon.colcon_core.verb:set package 'urdf_testing' build argument 'catkin_skip_building_tests' from command line to 'False'
[0.234s] DEBUG:colcon.colcon_core.verb:Building package 'urdf_testing' with the following arguments: {'ament_cmake_args': None, 'build_base': '/home/harshit/urdf_rviz/build/urdf_testing', 'catkin_cmake_args': None, 'catkin_skip_building_tests': False, 'cmake_args': None, 'cmake_clean_cache': False, 'cmake_clean_first': False, 'cmake_force_configure': False, 'cmake_target': None, 'cmake_target_skip_unavailable': False, 'install_base': '/home/harshit/urdf_rviz/install/urdf_testing', 'merge_install': False, 'path': '/home/harshit/urdf_rviz/src/urdf_testing', 'symlink_install': False, 'test_result_base': None}
[0.234s] INFO:colcon.colcon_core.executor:Executing jobs using 'parallel' executor
[0.234s] DEBUG:colcon.colcon_parallel_executor.executor.parallel:run_until_complete
[0.235s] INFO:colcon.colcon_ros.task.ament_python.build:Building ROS package in '/home/harshit/urdf_rviz/src/robot_car' with build type 'ament_python'
[0.235s] Level 1:colcon.colcon_core.shell:create_environment_hook('robot_car', 'ament_prefix_path')
[0.236s] INFO:colcon.colcon_core.plugin_system:Skipping extension 'colcon_core.shell.bat': Not used on non-Windows systems
[0.236s] INFO:colcon.colcon_core.shell:Creating environment hook '/home/harshit/urdf_rviz/install/robot_car/share/robot_car/hook/ament_prefix_path.ps1'
[0.237s] INFO:colcon.colcon_core.shell:Creating environment descriptor '/home/harshit/urdf_rviz/install/robot_car/share/robot_car/hook/ament_prefix_path.dsv'
[0.237s] INFO:colcon.colcon_core.shell:Creating environment hook '/home/harshit/urdf_rviz/install/robot_car/share/robot_car/hook/ament_prefix_path.sh'
[0.237s] INFO:colcon.colcon_core.shell:Skip shell extension 'powershell' for command environment: Not usable outside of PowerShell
[0.237s] DEBUG:colcon.colcon_core.shell:Skip shell extension 'dsv' for command environment
[0.240s] INFO:colcon.colcon_ros.task.ament_python.build:Building ROS package in '/home/harshit/urdf_rviz/src/urdf_testing' with build type 'ament_python'
[0.240s] Level 1:colcon.colcon_core.shell:create_environment_hook('urdf_testing', 'ament_prefix_path')
[0.240s] INFO:colcon.colcon_core.shell:Creating environment hook '/home/harshit/urdf_rviz/install/urdf_testing/share/urdf_testing/hook/ament_prefix_path.ps1'
[0.240s] INFO:colcon.colcon_core.shell:Creating environment descriptor '/home/harshit/urdf_rviz/install/urdf_testing/share/urdf_testing/hook/ament_prefix_path.dsv'
[0.241s] INFO:colcon.colcon_core.shell:Creating environment hook '/home/harshit/urdf_rviz/install/urdf_testing/share/urdf_testing/hook/ament_prefix_path.sh'
[0.241s] INFO:colcon.colcon_core.shell:Skip shell extension 'powershell' for command environment: Not usable outside of PowerShell
[0.241s] DEBUG:colcon.colcon_core.shell:Skip shell extension 'dsv' for command environment
[0.412s] INFO:colcon.colcon_core.task.python.build:Building Python package in '/home/harshit/urdf_rviz/src/robot_car'
[0.413s] INFO:colcon.colcon_core.shell:Skip shell extension 'powershell' for command environment: Not usable outside of PowerShell
[0.413s] DEBUG:colcon.colcon_core.shell:Skip shell extension 'dsv' for command environment
[0.579s] INFO:colcon.colcon_core.task.python.build:Building Python package in '/home/harshit/urdf_rviz/src/urdf_testing'
[0.580s] INFO:colcon.colcon_core.shell:Skip shell extension 'powershell' for command environment: Not usable outside of PowerShell
[0.580s] DEBUG:colcon.colcon_core.shell:Skip shell extension 'dsv' for command environment
[0.814s] DEBUG:colcon.colcon_core.event_handler.log_command:Invoking command in '/home/harshit/urdf_rviz/src/robot_car': PYTHONPATH=/home/harshit/urdf_rviz/build/robot_car/prefix_override:/usr/lib/python3/dist-packages/colcon_core/task/python/colcon_distutils_commands:/home/harshit/urdf_rviz/install/robot_car/lib/python3.10/site-packages:${PYTHONPATH} /usr/bin/python3 -W ignore:setup.py install is deprecated setup.py egg_info --egg-base ../../build/robot_car build --build-base /home/harshit/urdf_rviz/build/robot_car/build install --record /home/harshit/urdf_rviz/build/robot_car/install.log --single-version-externally-managed install_data
[0.827s] DEBUG:colcon.colcon_core.event_handler.log_command:Invoking command in '/home/harshit/urdf_rviz/src/urdf_testing': PYTHONPATH=/home/harshit/urdf_rviz/build/urdf_testing/prefix_override:/usr/lib/python3/dist-packages/colcon_core/task/python/colcon_distutils_commands:/home/harshit/urdf_rviz/install/urdf_testing/lib/python3.10/site-packages:${PYTHONPATH} /usr/bin/python3 -W ignore:setup.py install is deprecated setup.py egg_info --egg-base ../../build/urdf_testing build --build-base /home/harshit/urdf_rviz/build/urdf_testing/build install --record /home/harshit/urdf_rviz/build/urdf_testing/install.log --single-version-externally-managed install_data
[1.018s] DEBUG:colcon.colcon_core.event_handler.log_command:Invoked command in '/home/harshit/urdf_rviz/src/robot_car' returned '0': PYTHONPATH=/home/harshit/urdf_rviz/build/robot_car/prefix_override:/usr/lib/python3/dist-packages/colcon_core/task/python/colcon_distutils_commands:/home/harshit/urdf_rviz/install/robot_car/lib/python3.10/site-packages:${PYTHONPATH} /usr/bin/python3 -W ignore:setup.py install is deprecated setup.py egg_info --egg-base ../../build/robot_car build --build-base /home/harshit/urdf_rviz/build/robot_car/build install --record /home/harshit/urdf_rviz/build/robot_car/install.log --single-version-externally-managed install_data
[1.020s] Level 1:colcon.colcon_core.environment:checking '/home/harshit/urdf_rviz/install/robot_car' for CMake module files
[1.020s] Level 1:colcon.colcon_core.environment:checking '/home/harshit/urdf_rviz/install/robot_car' for CMake config files
[1.020s] Level 1:colcon.colcon_core.environment:checking '/home/harshit/urdf_rviz/install/robot_car/lib'
[1.021s] Level 1:colcon.colcon_core.environment:checking '/home/harshit/urdf_rviz/install/robot_car/bin'
[1.021s] Level 1:colcon.colcon_core.environment:checking '/home/harshit/urdf_rviz/install/robot_car/lib/pkgconfig/robot_car.pc'
[1.021s] Level 1:colcon.colcon_core.environment:checking '/home/harshit/urdf_rviz/install/robot_car/lib/python3.10/site-packages'
[1.021s] Level 1:colcon.colcon_core.shell:create_environment_hook('robot_car', 'pythonpath')
[1.021s] INFO:colcon.colcon_core.shell:Creating environment hook '/home/harshit/urdf_rviz/install/robot_car/share/robot_car/hook/pythonpath.ps1'
[1.022s] INFO:colcon.colcon_core.shell:Creating environment descriptor '/home/harshit/urdf_rviz/install/robot_car/share/robot_car/hook/pythonpath.dsv'
[1.022s] INFO:colcon.colcon_core.shell:Creating environment hook '/home/harshit/urdf_rviz/install/robot_car/share/robot_car/hook/pythonpath.sh'
[1.022s] Level 1:colcon.colcon_core.environment:checking '/home/harshit/urdf_rviz/install/robot_car/bin'
[1.022s] Level 1:colcon.colcon_core.environment:create_environment_scripts_only(robot_car)
[1.023s] INFO:colcon.colcon_core.shell:Creating package script '/home/harshit/urdf_rviz/install/robot_car/share/robot_car/package.ps1'
[1.023s] INFO:colcon.colcon_core.shell:Creating package descriptor '/home/harshit/urdf_rviz/install/robot_car/share/robot_car/package.dsv'
[1.024s] INFO:colcon.colcon_core.shell:Creating package script '/home/harshit/urdf_rviz/install/robot_car/share/robot_car/package.sh'
[1.024s] INFO:colcon.colcon_core.shell:Creating package script '/home/harshit/urdf_rviz/install/robot_car/share/robot_car/package.bash'
[1.025s] INFO:colcon.colcon_core.shell:Creating package script '/home/harshit/urdf_rviz/install/robot_car/share/robot_car/package.zsh'
[1.025s] Level 1:colcon.colcon_core.environment:create_file_with_runtime_dependencies(/home/harshit/urdf_rviz/install/robot_car/share/colcon-core/packages/robot_car)
[1.030s] Level 1:colcon.colcon_core.environment:checking '/home/harshit/urdf_rviz/install/urdf_testing' for CMake module files
[1.030s] DEBUG:colcon.colcon_core.event_handler.log_command:Invoked command in '/home/harshit/urdf_rviz/src/urdf_testing' returned '0': PYTHONPATH=/home/harshit/urdf_rviz/build/urdf_testing/prefix_override:/usr/lib/python3/dist-packages/colcon_core/task/python/colcon_distutils_commands:/home/harshit/urdf_rviz/install/urdf_testing/lib/python3.10/site-packages:${PYTHONPATH} /usr/bin/python3 -W ignore:setup.py install is deprecated setup.py egg_info --egg-base ../../build/urdf_testing build --build-base /home/harshit/urdf_rviz/build/urdf_testing/build install --record /home/harshit/urdf_rviz/build/urdf_testing/install.log --single-version-externally-managed install_data
[1.030s] Level 1:colcon.colcon_core.environment:checking '/home/harshit/urdf_rviz/install/urdf_testing' for CMake config files
[1.031s] Level 1:colcon.colcon_core.environment:checking '/home/harshit/urdf_rviz/install/urdf_testing/lib'
[1.031s] Level 1:colcon.colcon_core.environment:checking '/home/harshit/urdf_rviz/install/urdf_testing/bin'
[1.031s] Level 1:colcon.colcon_core.environment:checking '/home/harshit/urdf_rviz/install/urdf_testing/lib/pkgconfig/urdf_testing.pc'
[1.031s] Level 1:colcon.colcon_core.environment:checking '/home/harshit/urdf_rviz/install/urdf_testing/lib/python3.10/site-packages'
[1.031s] Level 1:colcon.colcon_core.shell:create_environment_hook('urdf_testing', 'pythonpath')
[1.031s] INFO:colcon.colcon_core.shell:Creating environment hook '/home/harshit/urdf_rviz/install/urdf_testing/share/urdf_testing/hook/pythonpath.ps1'
[1.032s] INFO:colcon.colcon_core.shell:Creating environment descriptor '/home/harshit/urdf_rviz/install/urdf_testing/share/urdf_testing/hook/pythonpath.dsv'
[1.032s] INFO:colcon.colcon_core.shell:Creating environment hook '/home/harshit/urdf_rviz/install/urdf_testing/share/urdf_testing/hook/pythonpath.sh'
[1.032s] Level 1:colcon.colcon_core.environment:checking '/home/harshit/urdf_rviz/install/urdf_testing/bin'
[1.032s] Level 1:colcon.colcon_core.environment:create_environment_scripts_only(urdf_testing)
[1.032s] INFO:colcon.colcon_core.shell:Creating package script '/home/harshit/urdf_rviz/install/urdf_testing/share/urdf_testing/package.ps1'
[1.033s] INFO:colcon.colcon_core.shell:Creating package descriptor '/home/harshit/urdf_rviz/install/urdf_testing/share/urdf_testing/package.dsv'
[1.033s] INFO:colcon.colcon_core.shell:Creating package script '/home/harshit/urdf_rviz/install/urdf_testing/share/urdf_testing/package.sh'
[1.033s] INFO:colcon.colcon_core.shell:Creating package script '/home/harshit/urdf_rviz/install/urdf_testing/share/urdf_testing/package.bash'
[1.034s] INFO:colcon.colcon_core.shell:Creating package script '/home/harshit/urdf_rviz/install/urdf_testing/share/urdf_testing/package.zsh'
[1.034s] Level 1:colcon.colcon_core.environment:create_file_with_runtime_dependencies(/home/harshit/urdf_rviz/install/urdf_testing/share/colcon-core/packages/urdf_testing)
[1.034s] DEBUG:colcon.colcon_parallel_executor.executor.parallel:closing loop
[1.034s] DEBUG:colcon.colcon_parallel_executor.executor.parallel:loop closed
[1.034s] DEBUG:colcon.colcon_parallel_executor.executor.parallel:run_until_complete finished with '0'
[1.034s] DEBUG:colcon.colcon_core.event_reactor:joining thread
[1.039s] INFO:colcon.colcon_core.plugin_system:Skipping extension 'colcon_notification.desktop_notification.terminal_notifier': Not used on non-Darwin systems
[1.039s] INFO:colcon.colcon_core.plugin_system:Skipping extension 'colcon_notification.desktop_notification.win32': Not used on non-Windows systems
[1.039s] INFO:colcon.colcon_notification.desktop_notification:Sending desktop notification using 'notify2'
[1.048s] DEBUG:colcon.colcon_core.event_reactor:joined thread
[1.048s] INFO:colcon.colcon_core.shell:Creating prefix script '/home/harshit/urdf_rviz/install/local_setup.ps1'
[1.049s] INFO:colcon.colcon_core.shell:Creating prefix util module '/home/harshit/urdf_rviz/install/_local_setup_util_ps1.py'
[1.050s] INFO:colcon.colcon_core.shell:Creating prefix chain script '/home/harshit/urdf_rviz/install/setup.ps1'
[1.051s] INFO:colcon.colcon_core.shell:Creating prefix script '/home/harshit/urdf_rviz/install/local_setup.sh'
[1.051s] INFO:colcon.colcon_core.shell:Creating prefix util module '/home/harshit/urdf_rviz/install/_local_setup_util_sh.py'
[1.051s] INFO:colcon.colcon_core.shell:Creating prefix chain script '/home/harshit/urdf_rviz/install/setup.sh'
[1.052s] INFO:colcon.colcon_core.shell:Creating prefix script '/home/harshit/urdf_rviz/install/local_setup.bash'
[1.053s] INFO:colcon.colcon_core.shell:Creating prefix chain script '/home/harshit/urdf_rviz/install/setup.bash'
[1.053s] INFO:colcon.colcon_core.shell:Creating prefix script '/home/harshit/urdf_rviz/install/local_setup.zsh'
[1.054s] INFO:colcon.colcon_core.shell:Creating prefix chain script '/home/harshit/urdf_rviz/install/setup.zsh'
