running egg_info
creating ../../build/robot_car/robot_car.egg-info
writing ../../build/robot_car/robot_car.egg-info/PKG-INFO
writing dependency_links to ../../build/robot_car/robot_car.egg-info/dependency_links.txt
writing entry points to ../../build/robot_car/robot_car.egg-info/entry_points.txt
writing requirements to ../../build/robot_car/robot_car.egg-info/requires.txt
writing top-level names to ../../build/robot_car/robot_car.egg-info/top_level.txt
writing manifest file '../../build/robot_car/robot_car.egg-info/SOURCES.txt'
reading manifest file '../../build/robot_car/robot_car.egg-info/SOURCES.txt'
writing manifest file '../../build/robot_car/robot_car.egg-info/SOURCES.txt'
running build
running build_py
creating /home/harshit/urdf_rviz/build/robot_car/build
creating /home/harshit/urdf_rviz/build/robot_car/build/lib
creating /home/harshit/urdf_rviz/build/robot_car/build/lib/robot_car
copying robot_car/__init__.py -> /home/harshit/urdf_rviz/build/robot_car/build/lib/robot_car
running install
running install_lib
creating /home/harshit/urdf_rviz/install/robot_car/lib/python3.10/site-packages/robot_car
copying /home/harshit/urdf_rviz/build/robot_car/build/lib/robot_car/__init__.py -> /home/harshit/urdf_rviz/install/robot_car/lib/python3.10/site-packages/robot_car
byte-compiling /home/harshit/urdf_rviz/install/robot_car/lib/python3.10/site-packages/robot_car/__init__.py to __init__.cpython-310.pyc
running install_data
creating /home/harshit/urdf_rviz/install/robot_car/share/ament_index
creating /home/harshit/urdf_rviz/install/robot_car/share/ament_index/resource_index
creating /home/harshit/urdf_rviz/install/robot_car/share/ament_index/resource_index/packages
copying resource/robot_car -> /home/harshit/urdf_rviz/install/robot_car/share/ament_index/resource_index/packages
copying package.xml -> /home/harshit/urdf_rviz/install/robot_car/share/robot_car
running install_egg_info
Copying ../../build/robot_car/robot_car.egg-info to /home/harshit/urdf_rviz/install/robot_car/lib/python3.10/site-packages/robot_car-0.0.0-py3.10.egg-info
running install_scripts
writing list of installed files to '/home/harshit/urdf_rviz/build/robot_car/install.log'
