[0.594s] Invoking command in '/home/harshit/urdf_rviz/src/robot_car': PYTHONPATH=/home/harshit/urdf_rviz/build/robot_car/prefix_override:/usr/lib/python3/dist-packages/colcon_core/task/python/colcon_distutils_commands:/home/harshit/urdf_rviz/install/robot_car/lib/python3.10/site-packages:${PYTHONPATH} /usr/bin/python3 -W ignore:setup.py install is deprecated setup.py egg_info --egg-base ../../build/robot_car build --build-base /home/harshit/urdf_rviz/build/robot_car/build install --record /home/harshit/urdf_rviz/build/robot_car/install.log --single-version-externally-managed install_data
[0.755s] running egg_info
[0.755s] creating ../../build/robot_car/robot_car.egg-info
[0.756s] writing ../../build/robot_car/robot_car.egg-info/PKG-INFO
[0.756s] writing dependency_links to ../../build/robot_car/robot_car.egg-info/dependency_links.txt
[0.756s] writing entry points to ../../build/robot_car/robot_car.egg-info/entry_points.txt
[0.756s] writing requirements to ../../build/robot_car/robot_car.egg-info/requires.txt
[0.756s] writing top-level names to ../../build/robot_car/robot_car.egg-info/top_level.txt
[0.756s] writing manifest file '../../build/robot_car/robot_car.egg-info/SOURCES.txt'
[0.757s] reading manifest file '../../build/robot_car/robot_car.egg-info/SOURCES.txt'
[0.758s] writing manifest file '../../build/robot_car/robot_car.egg-info/SOURCES.txt'
[0.758s] running build
[0.758s] running build_py
[0.758s] creating /home/harshit/urdf_rviz/build/robot_car/build
[0.758s] creating /home/harshit/urdf_rviz/build/robot_car/build/lib
[0.758s] creating /home/harshit/urdf_rviz/build/robot_car/build/lib/robot_car
[0.758s] copying robot_car/__init__.py -> /home/harshit/urdf_rviz/build/robot_car/build/lib/robot_car
[0.758s] running install
[0.758s] running install_lib
[0.759s] creating /home/harshit/urdf_rviz/install/robot_car/lib/python3.10/site-packages/robot_car
[0.759s] copying /home/harshit/urdf_rviz/build/robot_car/build/lib/robot_car/__init__.py -> /home/harshit/urdf_rviz/install/robot_car/lib/python3.10/site-packages/robot_car
[0.759s] byte-compiling /home/harshit/urdf_rviz/install/robot_car/lib/python3.10/site-packages/robot_car/__init__.py to __init__.cpython-310.pyc
[0.760s] running install_data
[0.760s] creating /home/harshit/urdf_rviz/install/robot_car/share/ament_index
[0.760s] creating /home/harshit/urdf_rviz/install/robot_car/share/ament_index/resource_index
[0.760s] creating /home/harshit/urdf_rviz/install/robot_car/share/ament_index/resource_index/packages
[0.760s] copying resource/robot_car -> /home/harshit/urdf_rviz/install/robot_car/share/ament_index/resource_index/packages
[0.760s] copying package.xml -> /home/harshit/urdf_rviz/install/robot_car/share/robot_car
[0.760s] running install_egg_info
[0.762s] Copying ../../build/robot_car/robot_car.egg-info to /home/harshit/urdf_rviz/install/robot_car/lib/python3.10/site-packages/robot_car-0.0.0-py3.10.egg-info
[0.762s] running install_scripts
[0.778s] writing list of installed files to '/home/harshit/urdf_rviz/build/robot_car/install.log'
[0.806s] Invoked command in '/home/harshit/urdf_rviz/src/robot_car' returned '0': PYTHONPATH=/home/harshit/urdf_rviz/build/robot_car/prefix_override:/usr/lib/python3/dist-packages/colcon_core/task/python/colcon_distutils_commands:/home/harshit/urdf_rviz/install/robot_car/lib/python3.10/site-packages:${PYTHONPATH} /usr/bin/python3 -W ignore:setup.py install is deprecated setup.py egg_info --egg-base ../../build/robot_car build --build-base /home/harshit/urdf_rviz/build/robot_car/build install --record /home/harshit/urdf_rviz/build/robot_car/install.log --single-version-externally-managed install_data
