[0.630s] Invoking command in '/home/harshit/urdf_rviz/src/robot_car': PYTHONPATH=/home/harshit/urdf_rviz/build/robot_car/prefix_override:/usr/lib/python3/dist-packages/colcon_core/task/python/colcon_distutils_commands:/home/harshit/urdf_rviz/install/robot_car/lib/python3.10/site-packages:${PYTHONPATH} /usr/bin/python3 -W ignore:setup.py install is deprecated setup.py egg_info --egg-base ../../build/robot_car build --build-base /home/harshit/urdf_rviz/build/robot_car/build install --record /home/harshit/urdf_rviz/build/robot_car/install.log --single-version-externally-managed install_data
[0.792s] running egg_info
[0.793s] writing ../../build/robot_car/robot_car.egg-info/PKG-INFO
[0.793s] writing dependency_links to ../../build/robot_car/robot_car.egg-info/dependency_links.txt
[0.793s] writing entry points to ../../build/robot_car/robot_car.egg-info/entry_points.txt
[0.794s] writing requirements to ../../build/robot_car/robot_car.egg-info/requires.txt
[0.794s] writing top-level names to ../../build/robot_car/robot_car.egg-info/top_level.txt
[0.796s] reading manifest file '../../build/robot_car/robot_car.egg-info/SOURCES.txt'
[0.797s] writing manifest file '../../build/robot_car/robot_car.egg-info/SOURCES.txt'
[0.797s] running build
[0.797s] running build_py
[0.797s] running install
[0.797s] running install_lib
[0.798s] running install_data
[0.799s] running install_egg_info
[0.800s] removing '/home/harshit/urdf_rviz/install/robot_car/lib/python3.10/site-packages/robot_car-0.0.0-py3.10.egg-info' (and everything under it)
[0.800s] Copying ../../build/robot_car/robot_car.egg-info to /home/harshit/urdf_rviz/install/robot_car/lib/python3.10/site-packages/robot_car-0.0.0-py3.10.egg-info
[0.801s] running install_scripts
[0.818s] writing list of installed files to '/home/harshit/urdf_rviz/build/robot_car/install.log'
[0.842s] Invoked command in '/home/harshit/urdf_rviz/src/robot_car' returned '0': PYTHONPATH=/home/harshit/urdf_rviz/build/robot_car/prefix_override:/usr/lib/python3/dist-packages/colcon_core/task/python/colcon_distutils_commands:/home/harshit/urdf_rviz/install/robot_car/lib/python3.10/site-packages:${PYTHONPATH} /usr/bin/python3 -W ignore:setup.py install is deprecated setup.py egg_info --egg-base ../../build/robot_car build --build-base /home/harshit/urdf_rviz/build/robot_car/build install --record /home/harshit/urdf_rviz/build/robot_car/install.log --single-version-externally-managed install_data
